0 info it worked if it ends with ok
1 verbose cli [ 'C:\\Program Files\\nodejs\\node.exe',
1 verbose cli   'C:\\Program Files\\nodejs\\node_modules\\npm\\bin\\npm-cli.js',
1 verbose cli   'install',
1 verbose cli   'grunt-concat-',
1 verbose cli   '--save-dev' ]
2 info using npm@2.15.1
3 info using node@v4.4.3
4 verbose install initial load of C:\Users\gerson\Desktop\Jerson\package.json
5 warn package.json collaboration@0.1.0 No description
6 warn package.json collaboration@0.1.0 No repository field.
7 warn package.json collaboration@0.1.0 No README data
8 warn package.json collaboration@0.1.0 No license field.
9 verbose installManyTop reading scoped package data from C:\Users\gerson\Desktop\Jerson\node_modules\grunt\package.json
10 verbose installManyTop reading scoped package data from C:\Users\gerson\Desktop\Jerson\node_modules\grunt-concat-css\package.json
11 verbose installManyTop reading scoped package data from C:\Users\gerson\Desktop\Jerson\node_modules\grunt-contrib-concat\package.json
12 verbose installManyTop reading scoped package data from C:\Users\gerson\Desktop\Jerson\node_modules\grunt-contrib-cssmin\package.json
13 verbose installManyTop reading scoped package data from C:\Users\gerson\Desktop\Jerson\node_modules\grunt-contrib-htmlmin\package.json
14 verbose installManyTop reading scoped package data from C:\Users\gerson\Desktop\Jerson\node_modules\grunt-contrib-jshint\package.json
15 verbose installManyTop reading scoped package data from C:\Users\gerson\Desktop\Jerson\node_modules\grunt-contrib-less\package.json
16 verbose installManyTop reading scoped package data from C:\Users\gerson\Desktop\Jerson\node_modules\grunt-contrib-nodeunit\package.json
17 verbose installManyTop reading scoped package data from C:\Users\gerson\Desktop\Jerson\node_modules\grunt-contrib-uglify\package.json
18 verbose installManyTop reading scoped package data from C:\Users\gerson\Desktop\Jerson\node_modules\grunt-contrib-watch\package.json
19 info package.json grunt-contrib-jshint@0.10.0 No license field.
20 info package.json grunt-contrib-nodeunit@0.4.1 No license field.
21 info package.json grunt-concat-css@0.3.1 No license field.
22 verbose readDependencies loading dependencies from C:\Users\gerson\Desktop\Jerson\package.json
23 silly cache add args [ 'grunt-concat-', null ]
24 verbose cache add spec grunt-concat-
25 silly cache add parsed spec Result {
25 silly cache add   raw: 'grunt-concat-',
25 silly cache add   scope: null,
25 silly cache add   name: 'grunt-concat-',
25 silly cache add   rawSpec: '',
25 silly cache add   spec: 'latest',
25 silly cache add   type: 'tag' }
26 silly addNamed grunt-concat-@latest
27 verbose addNamed "latest" is being treated as a dist-tag for grunt-concat-
28 info addNameTag [ 'grunt-concat-', 'latest' ]
29 silly mapToRegistry name grunt-concat-
30 silly mapToRegistry using default registry
31 silly mapToRegistry registry https://registry.npmjs.org/
32 silly mapToRegistry data Result {
32 silly mapToRegistry   raw: 'grunt-concat-',
32 silly mapToRegistry   scope: null,
32 silly mapToRegistry   name: 'grunt-concat-',
32 silly mapToRegistry   rawSpec: '',
32 silly mapToRegistry   spec: 'latest',
32 silly mapToRegistry   type: 'tag' }
33 silly mapToRegistry uri https://registry.npmjs.org/grunt-concat-
34 verbose addNameTag registry:https://registry.npmjs.org/grunt-concat- not in flight; fetching
35 verbose request uri https://registry.npmjs.org/grunt-concat-
36 verbose request no auth needed
37 info attempt registry request try #1 at 15:55:49
38 verbose request id db36e39f2609cea2
39 http request GET https://registry.npmjs.org/grunt-concat-
40 http 404 https://registry.npmjs.org/grunt-concat-
41 verbose headers { 'content-type': 'application/json',
41 verbose headers   'cache-control': 'max-age=0',
41 verbose headers   'content-length': '2',
41 verbose headers   'accept-ranges': 'bytes',
41 verbose headers   date: 'Mon, 02 May 2016 21:54:27 GMT',
41 verbose headers   via: '1.1 varnish',
41 verbose headers   age: '0',
41 verbose headers   connection: 'keep-alive',
41 verbose headers   'x-served-by': 'cache-jfk1047-JFK',
41 verbose headers   'x-cache': 'MISS',
41 verbose headers   'x-cache-hits': '0',
41 verbose headers   'x-timer': 'S1462226066.927849,VS0,VE103',
41 verbose headers   vary: 'Accept-Encoding' }
42 silly get cb [ 404,
42 silly get   { 'content-type': 'application/json',
42 silly get     'cache-control': 'max-age=0',
42 silly get     'content-length': '2',
42 silly get     'accept-ranges': 'bytes',
42 silly get     date: 'Mon, 02 May 2016 21:54:27 GMT',
42 silly get     via: '1.1 varnish',
42 silly get     age: '0',
42 silly get     connection: 'keep-alive',
42 silly get     'x-served-by': 'cache-jfk1047-JFK',
42 silly get     'x-cache': 'MISS',
42 silly get     'x-cache-hits': '0',
42 silly get     'x-timer': 'S1462226066.927849,VS0,VE103',
42 silly get     vary: 'Accept-Encoding' } ]
43 verbose stack Error: Registry returned 404 for GET on https://registry.npmjs.org/grunt-concat-
43 verbose stack     at makeError (C:\Program Files\nodejs\node_modules\npm\node_modules\npm-registry-client\lib\request.js:264:12)
43 verbose stack     at CachingRegistryClient.<anonymous> (C:\Program Files\nodejs\node_modules\npm\node_modules\npm-registry-client\lib\request.js:242:14)
43 verbose stack     at Request._callback (C:\Program Files\nodejs\node_modules\npm\node_modules\npm-registry-client\lib\request.js:172:14)
43 verbose stack     at Request.self.callback (C:\Program Files\nodejs\node_modules\npm\node_modules\request\request.js:199:22)
43 verbose stack     at emitTwo (events.js:87:13)
43 verbose stack     at Request.emit (events.js:172:7)
43 verbose stack     at Request.<anonymous> (C:\Program Files\nodejs\node_modules\npm\node_modules\request\request.js:1036:10)
43 verbose stack     at emitOne (events.js:82:20)
43 verbose stack     at Request.emit (events.js:169:7)
43 verbose stack     at IncomingMessage.<anonymous> (C:\Program Files\nodejs\node_modules\npm\node_modules\request\request.js:963:12)
44 verbose statusCode 404
45 verbose pkgid grunt-concat-
46 verbose cwd C:\Users\gerson\Desktop\Jerson
47 error Windows_NT 6.1.7601
48 error argv "C:\\Program Files\\nodejs\\node.exe" "C:\\Program Files\\nodejs\\node_modules\\npm\\bin\\npm-cli.js" "install" "grunt-concat-" "--save-dev"
49 error node v4.4.3
50 error npm  v2.15.1
51 error code E404
52 error 404 Registry returned 404 for GET on https://registry.npmjs.org/grunt-concat-
52 error 404
52 error 404 'grunt-concat-' is not in the npm registry.
52 error 404 You should bug the author to publish it (or use the name yourself!)
52 error 404 It was specified as a dependency of 'collaboration'
52 error 404
52 error 404 Note that you can also install from a
52 error 404 tarball, folder, http url, or git url.
53 verbose exit [ 1, true ]
